2025-04-01 12:10:42,456 - INFO - Запуск бота...
2025-04-01 12:10:42,457 - INFO - Start polling
2025-04-01 12:10:42,669 - INFO - Run polling for bot @Vialontrop_Bot id=8189421700 - 'AnekdotBot'
2025-04-01 12:10:50,392 - INFO - Пользователь 855200156 запустил бота
2025-04-01 12:10:50,645 - INFO - Update id=463711539 is handled. Duration 250 ms by bot id=8189421700
2025-04-01 12:10:53,490 - INFO - Пользователь 855200156 нажал кнопку greeting
2025-04-01 12:10:53,648 - INFO - Update id=463711540 is handled. Duration 156 ms by bot id=8189421700
2025-04-01 12:10:55,113 - INFO - Пользователь 855200156 нажал кнопку help
2025-04-01 12:10:55,297 - INFO - Update id=463711541 is handled. Duration 188 ms by bot id=8189421700
2025-04-01 12:10:56,523 - INFO - Пользователь 855200156 нажал кнопку about
2025-04-01 12:10:56,750 - INFO - Update id=463711542 is handled. Duration 234 ms by bot id=8189421700
2025-04-01 12:10:57,747 - INFO - Пользователь 855200156 нажал кнопку joke
2025-04-01 12:10:57,862 - INFO - Начинаем загрузку анекдотов с сайта
2025-04-01 12:10:57,862 - INFO - Отправляем GET запрос к https://www.litres.ru/book/raznoe-47672/samye-smeshnye-anekdoty-23556560/chitat-onlayn/
2025-04-01 12:10:58,167 - INFO - Успешно получен ответ от сервера
2025-04-01 12:10:58,295 - INFO - HTML успешно обработан
2025-04-01 12:10:58,312 - INFO - Найдено 762 элементов контента
2025-04-01 12:10:58,317 - INFO - Всего найдено и сохранено анекдотов: 137
2025-04-01 12:10:58,317 - INFO - Выбран случайный анекдот длиной 136 символов
2025-04-01 12:10:58,519 - INFO - Update id=463711543 is handled. Duration 765 ms by bot id=8189421700
2025-04-01 12:14:39,518 - INFO - Запуск бота...
2025-04-01 12:14:39,519 - INFO - Файл с рейтингами не найден, начинаем с пустого списка
2025-04-01 12:14:39,519 - INFO - Start polling
2025-04-01 12:14:39,742 - INFO - Run polling for bot @Vialontrop_Bot id=8189421700 - 'AnekdotBot'
2025-04-01 12:14:48,429 - INFO - Пользователь 855200156 запустил бота
2025-04-01 12:14:49,274 - INFO - Update id=463711544 is handled. Duration 843 ms by bot id=8189421700
2025-04-01 12:14:51,826 - INFO - Пользователь 855200156 нажал кнопку top_jokes
2025-04-01 12:14:51,918 - INFO - Update id=463711545 is handled. Duration 93 ms by bot id=8189421700
2025-04-01 12:14:55,689 - INFO - Пользователь 855200156 нажал кнопку joke
2025-04-01 12:14:55,776 - INFO - Начинаем загрузку анекдотов с сайта
2025-04-01 12:14:55,777 - INFO - Отправляем GET запрос к https://www.litres.ru/book/raznoe-47672/samye-smeshnye-anekdoty-23556560/chitat-onlayn/
2025-04-01 12:14:55,977 - INFO - Успешно получен ответ от сервера
2025-04-01 12:14:56,113 - INFO - HTML успешно обработан
2025-04-01 12:14:56,130 - INFO - Найдено 763 элементов контента
2025-04-01 12:14:56,135 - INFO - Всего найдено и сохранено анекдотов: 137
2025-04-01 12:14:56,135 - INFO - Выбран случайный анекдот длиной 169 символов
2025-04-01 12:14:56,322 - INFO - Update id=463711546 is handled. Duration 625 ms by bot id=8189421700
2025-04-01 12:15:07,255 - INFO - Пользователь 855200156 нажал кнопку dislike_7154243707423437669
2025-04-01 12:15:07,256 - INFO - Рейтинги успешно сохранены
2025-04-01 12:15:07,335 - INFO - Update id=463711547 is handled. Duration 78 ms by bot id=8189421700
2025-04-01 12:15:12,011 - INFO - Пользователь 855200156 нажал кнопку joke
2025-04-01 12:15:12,132 - INFO - Выбран случайный анекдот длиной 112 символов
2025-04-01 12:15:12,299 - INFO - Update id=463711548 is handled. Duration 281 ms by bot id=8189421700
2025-04-01 12:15:24,757 - INFO - Пользователь 855200156 нажал кнопку dislike_5905260542260472853
2025-04-01 12:15:24,758 - INFO - Рейтинги успешно сохранены
2025-04-01 12:15:24,866 - INFO - Update id=463711549 is handled. Duration 109 ms by bot id=8189421700
2025-04-01 12:15:27,433 - INFO - Пользователь 855200156 нажал кнопку joke
2025-04-01 12:15:27,665 - INFO - Выбран случайный анекдот длиной 180 символов
2025-04-01 12:15:27,996 - INFO - Update id=463711550 is handled. Duration 563 ms by bot id=8189421700
2025-04-01 12:15:46,186 - INFO - Пользователь 855200156 нажал кнопку dislike_-7287500890174080327
2025-04-01 12:15:46,187 - INFO - Рейтинги успешно сохранены
2025-04-01 12:15:46,260 - INFO - Update id=463711551 is handled. Duration 63 ms by bot id=8189421700
2025-04-01 12:15:52,767 - INFO - Пользователь 855200156 нажал кнопку joke
2025-04-01 12:15:52,864 - INFO - Выбран случайный анекдот длиной 89 символов
2025-04-01 12:15:53,044 - INFO - Update id=463711552 is handled. Duration 281 ms by bot id=8189421700
2025-04-01 12:16:01,994 - INFO - Пользователь 855200156 нажал кнопку like_-7788280650020520147
2025-04-01 12:16:01,995 - INFO - Рейтинги успешно сохранены
2025-04-01 12:16:02,071 - INFO - Update id=463711553 is handled. Duration 77 ms by bot id=8189421700
2025-04-01 12:16:04,852 - INFO - Пользователь 855200156 нажал кнопку joke
2025-04-01 12:16:05,133 - INFO - Выбран случайный анекдот длиной 161 символов
2025-04-01 12:16:05,579 - INFO - Update id=463711554 is handled. Duration 735 ms by bot id=8189421700
2025-04-01 12:16:15,593 - INFO - Пользователь 855200156 запустил бота
2025-04-01 12:16:15,748 - INFO - Update id=463711555 is handled. Duration 156 ms by bot id=8189421700
2025-04-01 12:16:19,306 - INFO - Пользователь 855200156 нажал кнопку stats
2025-04-01 12:16:19,511 - INFO - Update id=463711556 is handled. Duration 218 ms by bot id=8189421700
2025-04-01 12:19:29,094 - INFO - Пользователь 855200156 нажал кнопку about
2025-04-01 12:19:29,498 - INFO - Update id=463711557 is handled. Duration 406 ms by bot id=8189421700
2025-04-01 12:23:02,167 - INFO - Запуск бота...
2025-04-01 12:23:02,168 - INFO - Рейтинги успешно загружены
2025-04-01 12:23:02,168 - INFO - Start polling
2025-04-01 12:23:02,392 - INFO - Run polling for bot @Vialontrop_Bot id=8189421700 - 'AnekdotBot'
2025-04-01 12:23:16,197 - INFO - Пользователь 855200156 запустил бота
2025-04-01 12:23:16,542 - INFO - Update id=463711558 is handled. Duration 360 ms by bot id=8189421700
2025-04-01 12:23:19,806 - INFO - Пользователь 855200156 нажал кнопку help
2025-04-01 12:23:19,976 - INFO - Update id=463711559 is handled. Duration 171 ms by bot id=8189421700
2025-04-01 12:23:24,309 - INFO - Пользователь 855200156 нажал кнопку joke
2025-04-01 12:23:24,400 - INFO - Начинаем загрузку анекдотов с kartaslov.ru
2025-04-01 12:23:24,400 - INFO - Начинаем загрузку анекдотов с litres.ru
2025-04-01 12:23:24,705 - INFO - HTML с kartaslov.ru успешно получен
2025-04-01 12:23:24,709 - INFO - Найдено 93 анекдотов на kartaslov.ru
2025-04-01 12:23:25,252 - INFO - HTML с litres.ru успешно получен
2025-04-01 12:23:25,273 - INFO - Найдено 137 анекдотов на litres.ru
2025-04-01 12:23:25,273 - INFO - Всего загружено анекдотов: 230
2025-04-01 12:23:25,274 - INFO - Выбран случайный анекдот длиной 100 символов
2025-04-01 12:23:25,451 - INFO - Update id=463711560 is handled. Duration 1141 ms by bot id=8189421700
2025-04-01 12:23:31,228 - INFO - Пользователь 855200156 нажал кнопку like_-8576425864723977875
2025-04-01 12:23:31,229 - INFO - Рейтинги успешно сохранены
2025-04-01 12:23:31,305 - INFO - Update id=463711561 is handled. Duration 78 ms by bot id=8189421700
2025-04-01 12:25:25,028 - INFO - Запуск бота...
2025-04-01 12:25:25,029 - INFO - Рейтинги успешно загружены
2025-04-01 12:25:25,029 - INFO - Start polling
2025-04-01 12:25:25,249 - INFO - Run polling for bot @Vialontrop_Bot id=8189421700 - 'AnekdotBot'
2025-04-01 12:25:30,663 - INFO - Пользователь 855200156 запустил бота
2025-04-01 12:25:30,904 - INFO - Update id=463711562 is handled. Duration 250 ms by bot id=8189421700
2025-04-01 12:25:35,216 - INFO - Пользователь 855200156 нажал кнопку greeting
2025-04-01 12:25:35,384 - INFO - Update id=463711563 is handled. Duration 156 ms by bot id=8189421700
2025-04-01 12:25:37,952 - INFO - Пользователь 855200156 нажал кнопку joke
2025-04-01 12:25:38,349 - INFO - Начинаем загрузку анекдотов с kartaslov.ru
2025-04-01 12:25:38,350 - INFO - Начинаем загрузку анекдотов с litres.ru
2025-04-01 12:25:38,723 - INFO - HTML с litres.ru успешно получен
2025-04-01 12:25:38,743 - INFO - Найдено 137 анекдотов на litres.ru
2025-04-01 12:25:38,916 - INFO - HTML с kartaslov.ru успешно получен
2025-04-01 12:25:38,920 - INFO - Найдено 93 анекдотов на kartaslov.ru
2025-04-01 12:25:38,920 - INFO - Всего загружено анекдотов: 230
2025-04-01 12:25:38,921 - INFO - Выбран случайный анекдот длиной 126 символов
2025-04-01 12:25:39,105 - INFO - Update id=463711564 is handled. Duration 1155 ms by bot id=8189421700
2025-04-01 12:25:50,205 - INFO - Пользователь 855200156 нажал кнопку like_-3255532732532825551
2025-04-01 12:25:50,206 - INFO - Рейтинги успешно сохранены
2025-04-01 12:25:50,289 - INFO - Выбран случайный анекдот длиной 319 символов
2025-04-01 12:25:50,381 - INFO - Update id=463711565 is handled. Duration 171 ms by bot id=8189421700
2025-04-01 12:26:09,357 - INFO - Пользователь 855200156 нажал кнопку like_5675521670076803566
2025-04-01 12:26:09,358 - INFO - Рейтинги успешно сохранены
2025-04-01 12:26:09,725 - INFO - Выбран случайный анекдот длиной 277 символов
2025-04-01 12:26:10,060 - INFO - Update id=463711566 is handled. Duration 702 ms by bot id=8189421700
2025-04-01 12:26:28,550 - INFO - Пользователь 855200156 нажал кнопку like_4061439242096762863
2025-04-01 12:26:28,551 - INFO - Рейтинги успешно сохранены
2025-04-01 12:26:28,627 - INFO - Выбран случайный анекдот длиной 150 символов
2025-04-01 12:26:28,742 - INFO - Update id=463711567 is handled. Duration 186 ms by bot id=8189421700
2025-04-01 12:26:43,964 - INFO - Пользователь 855200156 нажал кнопку like_-6429452746238563460
2025-04-01 12:26:43,965 - INFO - Рейтинги успешно сохранены
2025-04-01 12:26:44,230 - INFO - Выбран случайный анекдот длиной 73 символов
2025-04-01 12:26:44,473 - INFO - Update id=463711568 is handled. Duration 500 ms by bot id=8189421700
2025-04-01 12:26:49,105 - INFO - Пользователь 855200156 нажал кнопку dislike_-5289838379383532433
2025-04-01 12:26:49,106 - INFO - Рейтинги успешно сохранены
2025-04-01 12:26:49,180 - INFO - Выбран случайный анекдот длиной 185 символов
2025-04-01 12:26:49,273 - INFO - Update id=463711569 is handled. Duration 156 ms by bot id=8189421700
2025-04-01 12:27:02,753 - INFO - Пользователь 855200156 нажал кнопку dislike_4681325454887197114
2025-04-01 12:27:02,754 - INFO - Рейтинги успешно сохранены
2025-04-01 12:27:02,832 - INFO - Выбран случайный анекдот длиной 226 символов
2025-04-01 12:27:02,949 - INFO - Update id=463711570 is handled. Duration 203 ms by bot id=8189421700
2025-04-01 12:27:06,941 - INFO - Пользователь 855200156 нажал кнопку back_to_menu
2025-04-01 12:27:07,030 - INFO - Update id=463711571 is handled. Duration 94 ms by bot id=8189421700
2025-04-01 12:35:23,937 - INFO - Пользователь 855200156 нажал кнопку greeting
2025-04-01 12:35:24,114 - INFO - Update id=463711572 is handled. Duration 172 ms by bot id=8189421700
2025-04-01 12:35:25,688 - INFO - Пользователь 855200156 нажал кнопку joke
2025-04-01 12:35:25,780 - INFO - Выбран случайный анекдот длиной 154 символов
2025-04-01 12:35:25,949 - INFO - Update id=463711573 is handled. Duration 266 ms by bot id=8189421700
2025-04-01 12:36:59,689 - INFO - Пользователь 1856506759 запустил бота
2025-04-01 12:36:59,832 - INFO - Update id=463711574 is handled. Duration 141 ms by bot id=8189421700
2025-04-01 12:37:05,871 - INFO - Пользователь 1856506759 нажал кнопку greeting
2025-04-01 12:37:06,057 - INFO - Update id=463711575 is handled. Duration 172 ms by bot id=8189421700
2025-04-01 12:37:12,853 - INFO - Пользователь 1856506759 нажал кнопку greeting
2025-04-01 12:37:13,066 - INFO - Update id=463711576 is handled. Duration 218 ms by bot id=8189421700
2025-04-01 12:37:17,751 - INFO - Пользователь 855200156 нажал кнопку like_-2318206467514286215
2025-04-01 12:37:17,752 - INFO - Рейтинги успешно сохранены
2025-04-01 12:37:17,886 - INFO - Выбран случайный анекдот длиной 119 символов
2025-04-01 12:37:18,050 - INFO - Update id=463711577 is handled. Duration 297 ms by bot id=8189421700
2025-04-01 12:37:21,754 - INFO - Пользователь 1856506759 нажал кнопку joke
2025-04-01 12:37:21,918 - INFO - Выбран случайный анекдот длиной 118 символов
2025-04-01 12:37:22,187 - INFO - Update id=463711578 is handled. Duration 436 ms by bot id=8189421700
2025-04-01 12:37:49,372 - INFO - Пользователь 1856506759 нажал кнопку like_-99344278866687011
2025-04-01 12:37:49,373 - INFO - Рейтинги успешно сохранены
2025-04-01 12:37:49,600 - INFO - Выбран случайный анекдот длиной 182 символов
2025-04-01 12:37:49,852 - INFO - Update id=463711579 is handled. Duration 468 ms by bot id=8189421700
2025-04-01 12:38:27,973 - INFO - Пользователь 1856506759 нажал кнопку like_-5103074558198050455
2025-04-01 12:38:27,974 - INFO - Рейтинги успешно сохранены
2025-04-01 12:38:28,049 - INFO - Выбран случайный анекдот длиной 71 символов
2025-04-01 12:38:28,161 - INFO - Update id=463711580 is handled. Duration 188 ms by bot id=8189421700
2025-04-01 12:38:32,583 - INFO - Пользователь 1856506759 нажал кнопку like_7693101832990871635
2025-04-01 12:38:32,584 - INFO - Рейтинги успешно сохранены
2025-04-01 12:38:32,759 - INFO - Выбран случайный анекдот длиной 172 символов
2025-04-01 12:38:32,945 - INFO - Update id=463711581 is handled. Duration 358 ms by bot id=8189421700
2025-04-01 12:38:46,252 - INFO - Пользователь 1856506759 нажал кнопку dislike_3917887876512637128
2025-04-01 12:38:46,253 - INFO - Рейтинги успешно сохранены
2025-04-01 12:38:46,344 - INFO - Выбран случайный анекдот длиной 121 символов
2025-04-01 12:38:46,449 - INFO - Update id=463711582 is handled. Duration 203 ms by bot id=8189421700
2025-04-01 12:38:56,207 - INFO - Пользователь 1856506759 нажал кнопку like_-9209138289586096473
2025-04-01 12:38:56,208 - INFO - Рейтинги успешно сохранены
2025-04-01 12:38:56,282 - INFO - Выбран случайный анекдот длиной 196 символов
2025-04-01 12:38:56,375 - INFO - Update id=463711583 is handled. Duration 171 ms by bot id=8189421700
2025-04-01 12:39:10,024 - INFO - Пользователь 1856506759 нажал кнопку help
2025-04-01 12:39:10,313 - INFO - Update id=463711584 is handled. Duration 296 ms by bot id=8189421700
2025-04-01 12:39:22,844 - INFO - Пользователь 1856506759 нажал кнопку top_jokes
2025-04-01 12:39:22,982 - INFO - Update id=463711585 is handled. Duration 140 ms by bot id=8189421700
2025-04-01 12:39:36,814 - INFO - Пользователь 855200156 нажал кнопку back_to_menu
2025-04-01 12:39:36,908 - INFO - Update id=463711586 is handled. Duration 94 ms by bot id=8189421700
2025-04-01 12:39:38,375 - INFO - Пользователь 855200156 нажал кнопку top_jokes
2025-04-01 12:39:38,466 - INFO - Update id=463711587 is handled. Duration 93 ms by bot id=8189421700
2025-04-01 12:39:55,614 - INFO - Пользователь 855200156 нажал кнопку joke
2025-04-01 12:39:55,845 - INFO - Выбран случайный анекдот длиной 180 символов
2025-04-01 12:39:56,173 - INFO - Update id=463711588 is handled. Duration 563 ms by bot id=8189421700
2025-04-01 12:40:00,096 - INFO - Пользователь 855200156 нажал кнопку dislike_5284172480962962760
2025-04-01 12:40:00,097 - INFO - Рейтинги успешно сохранены
2025-04-01 12:40:00,258 - INFO - Выбран случайный анекдот длиной 134 символов
2025-04-01 12:40:00,445 - INFO - Update id=463711589 is handled. Duration 343 ms by bot id=8189421700
2025-04-01 12:40:03,165 - INFO - Пользователь 855200156 нажал кнопку dislike_-8652979672965440969
2025-04-01 12:40:03,166 - INFO - Рейтинги успешно сохранены
2025-04-01 12:40:03,242 - INFO - Выбран случайный анекдот длиной 193 символов
2025-04-01 12:40:03,343 - INFO - Update id=463711590 is handled. Duration 186 ms by bot id=8189421700
2025-04-01 12:40:18,646 - INFO - Пользователь 855200156 нажал кнопку dislike_-1009154722421177493
2025-04-01 12:40:18,647 - INFO - Рейтинги успешно сохранены
2025-04-01 12:40:18,736 - INFO - Выбран случайный анекдот длиной 103 символов
2025-04-01 12:40:18,865 - INFO - Update id=463711591 is handled. Duration 218 ms by bot id=8189421700
2025-04-01 12:40:28,210 - INFO - Пользователь 855200156 нажал кнопку like_3901360193661153787
2025-04-01 12:40:28,211 - INFO - Рейтинги успешно сохранены
2025-04-01 12:40:28,342 - INFO - Выбран случайный анекдот длиной 353 символов
2025-04-01 12:40:28,528 - INFO - Update id=463711592 is handled. Duration 327 ms by bot id=8189421700
2025-04-01 12:40:47,205 - INFO - Пользователь 855200156 нажал кнопку back_to_menu
2025-04-01 12:40:47,334 - INFO - Update id=463711593 is handled. Duration 125 ms by bot id=8189421700
2025-04-01 12:40:52,810 - INFO - Пользователь 855200156 нажал кнопку about
2025-04-01 12:40:52,978 - INFO - Update id=463711594 is handled. Duration 156 ms by bot id=8189421700
2025-04-01 12:41:06,423 - INFO - Пользователь 855200156 нажал кнопку greeting
2025-04-01 12:41:06,639 - INFO - Update id=463711595 is handled. Duration 218 ms by bot id=8189421700
2025-04-01 12:41:08,321 - INFO - Пользователь 855200156 нажал кнопку joke
2025-04-01 12:41:08,499 - INFO - Выбран случайный анекдот длиной 292 символов
2025-04-01 12:41:08,742 - INFO - Update id=463711596 is handled. Duration 422 ms by bot id=8189421700
2025-04-01 12:41:21,935 - INFO - Пользователь 855200156 нажал кнопку like_-5489183255870312261
2025-04-01 12:41:21,936 - INFO - Рейтинги успешно сохранены
2025-04-01 12:41:22,011 - INFO - Выбран случайный анекдот длиной 72 символов
2025-04-01 12:41:22,126 - INFO - Update id=463711597 is handled. Duration 188 ms by bot id=8189421700
2025-04-01 12:41:33,082 - INFO - Пользователь 855200156 нажал кнопку back_to_menu
2025-04-01 12:41:33,180 - INFO - Update id=463711598 is handled. Duration 93 ms by bot id=8189421700
2025-04-01 12:41:45,133 - INFO - Пользователь 1856506759 нажал кнопку about
2025-04-01 12:41:45,303 - INFO - Update id=463711599 is handled. Duration 172 ms by bot id=8189421700
2025-04-01 12:42:02,235 - INFO - Пользователь 1856506759 нажал кнопку stats
2025-04-01 12:42:02,483 - INFO - Update id=463711600 is handled. Duration 250 ms by bot id=8189421700
